[debug] [2022-07-24T09:38:30.683Z] ----------------------------------------------------------------------
[debug] [2022-07-24T09:38:30.686Z] Command:       C:\Program Files\nodejs\node.exe C:\Users\Arun Prakash\AppData\Roaming\npm\node_modules\firebase-tools\lib\bin\firebase.js init hosting
[debug] [2022-07-24T09:38:30.686Z] CLI Version:   11.3.0
[debug] [2022-07-24T09:38:30.686Z] Platform:      win32
[debug] [2022-07-24T09:38:30.687Z] Node Version:  v16.14.2
[debug] [2022-07-24T09:38:30.688Z] Time:          Sun Jul 24 2022 15:08:30 GMT+0530 (India Standard Time)
[debug] [2022-07-24T09:38:30.688Z] ----------------------------------------------------------------------
[debug] 
[debug] [2022-07-24T09:38:30.771Z] > command requires scopes: ["email","openid","https://www.googleapis.com/auth/cloudplatformprojects.readonly","https://www.googleapis.com/auth/firebase","https://www.googleapis.com/auth/cloud-platform"]
[debug] [2022-07-24T09:38:30.771Z] > authorizing via signed-in user (arunprakash1141@gmail.com)
[info] 
     ######## #### ########  ######## ########     ###     ######  ########
     ##        ##  ##     ## ##       ##     ##  ##   ##  ##       ##
     ######    ##  ########  ######   ########  #########  ######  ######
     ##        ##  ##    ##  ##       ##     ## ##     ##       ## ##
     ##       #### ##     ## ######## ########  ##     ##  ######  ########

You're about to initialize a Firebase project in this directory:

  C:\Users\Arun Prakash\Desktop\Blog3

Before we get started, keep in mind:

  * You are initializing within an existing Firebase project directory

[info] 
=== Project Setup
[info] 
[info] First, let's associate this project directory with a Firebase project.
[info] You can create multiple project aliases by running firebase use --add, 
[info] but for now we'll just set up a default project.
[info] 
[debug] [2022-07-24T09:38:32.657Z] Using project from CLI flag: blogcms-4ae20
[debug] [2022-07-24T09:38:32.670Z] >>> [apiv2][query] GET https://firebase.googleapis.com/v1beta1/projects/blogcms-4ae20 [none]
[debug] [2022-07-24T09:38:33.915Z] <<< [apiv2][status] GET https://firebase.googleapis.com/v1beta1/projects/blogcms-4ae20 200
[debug] [2022-07-24T09:38:33.916Z] <<< [apiv2][body] GET https://firebase.googleapis.com/v1beta1/projects/blogcms-4ae20 {"projectId":"blogcms-4ae20","projectNumber":"7304222168","displayName":"Blogcms","name":"projects/blogcms-4ae20","resources":{"hostingSite":"blogcms-4ae20"},"state":"ACTIVE","etag":"1_cb79692e-64b4-4b7c-bb24-7b633a92dbcc"}
[info] i  Using project blogcms-4ae20 (Blogcms) 
[info] 
=== Hosting Setup
[info] 
[info] Your public directory is the folder (relative to your project directory) that
[info] will contain Hosting assets to be uploaded with firebase deploy. If you
[info] have a build process for your assets, use your build's output directory.
[info] 
[info] i  Skipping write of y/404.html 
[debug] [2022-07-24T09:39:08.658Z] >>> [apiv2][query] GET https://www.gstatic.com/firebasejs/releases.json [none]
[debug] [2022-07-24T09:39:08.919Z] <<< [apiv2][status] GET https://www.gstatic.com/firebasejs/releases.json 200
[debug] [2022-07-24T09:39:08.920Z] <<< [apiv2][body] GET https://www.gstatic.com/firebasejs/releases.json {"current":{"version":"9.9.1","browserURL":"https://www.gstatic.com/firebasejs/9.9.1/firebase.js","packageURL":"https://www.gstatic.com/firebasejs/9.9.1/firebase.tgz"},"live":{"version":"9.9","browserURL":"https://www.gstatic.com/firebasejs/live/9.9/firebase.js","packageURL":"https://www.gstatic.com/firebasejs/live/9.9/firebase.tgz"},"components":{"analytics":"https://www.gstatic.com/firebasejs/9.9.1/firebase-analytics.js","app":"https://www.gstatic.com/firebasejs/9.9.1/firebase-app.js","app-check":"https://www.gstatic.com/firebasejs/9.9.1/firebase-app-check.js","auth":"https://www.gstatic.com/firebasejs/9.9.1/firebase-auth.js","auth/cordova":"https://www.gstatic.com/firebasejs/9.9.1/firebase-auth/cordova.js","auth/react-native":"https://www.gstatic.com/firebasejs/9.9.1/firebase-auth/react-native.js","functions":"https://www.gstatic.com/firebasejs/9.9.1/firebase-functions.js","firestore":"https://www.gstatic.com/firebasejs/9.9.1/firebase-firestore.js","firestore/lite":"https://www.gstatic.com/firebasejs/9.9.1/firebase-firestore/lite.js","installations":"https://www.gstatic.com/firebasejs/9.9.1/firebase-installations.js","storage":"https://www.gstatic.com/firebasejs/9.9.1/firebase-storage.js","performance":"https://www.gstatic.com/firebasejs/9.9.1/firebase-performance.js","remote-config":"https://www.gstatic.com/firebasejs/9.9.1/firebase-remote-config.js","messaging":"https://www.gstatic.com/firebasejs/9.9.1/firebase-messaging.js","messaging/sw":"https://www.gstatic.com/firebasejs/9.9.1/firebase-messaging/sw.js","database":"https://www.gstatic.com/firebasejs/9.9.1/firebase-database.js","firestore.memory":"https://www.gstatic.com/firebasejs/9.9.1/firebase-firestore.memory.js"}}
[info] i  Skipping write of y/index.html 
[info] 
[info] i  Detected a .git folder at C:\Users\Arun Prakash\Desktop\Blog3 
[info] i  Authorizing with GitHub to upload your service account to a GitHub repository's secrets store. 
[info] 
[info] Visit this URL on this device to log in:
[info] https://github.com/login/oauth/authorize?client_id=89cf50f02ac6aaed3484&state=689067122&redirect_uri=http%3A%2F%2Flocalhost%3A9005&scope=read%3Auser%20repo%20public_repo
[info] 
[info] Waiting for authentication...
[debug] [2022-07-24T09:55:17.617Z] >>> [apiv2][query] POST https://github.com/login/oauth/access_token [none]
[debug] [2022-07-24T09:55:17.618Z] >>> [apiv2][body] POST https://github.com/login/oauth/access_token [stream]
[debug] [2022-07-24T09:55:18.461Z] <<< [apiv2][status] POST https://github.com/login/oauth/access_token 200
[debug] [2022-07-24T09:55:18.462Z] <<< [apiv2][body] POST https://github.com/login/oauth/access_token {"access_token":"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","token_type":"bearer","scope":"read:user,repo"}
[debug] [2022-07-24T09:55:18.492Z] >>> [apiv2][query] GET https://api.github.com/user [none]
[debug] [2022-07-24T09:55:19.319Z] <<< [apiv2][status] GET https://api.github.com/user 200
[debug] [2022-07-24T09:55:19.320Z] <<< [apiv2][body] GET https://api.github.com/user {"login":"Arun-190","id":109898863,"node_id":"U_kgDOBozsbw","avatar_url":"https://avatars.githubusercontent.com/u/109898863?v=4","gravatar_id":"","url":"https://api.github.com/users/Arun-190","html_url":"https://github.com/Arun-190","followers_url":"https://api.github.com/users/Arun-190/followers","following_url":"https://api.github.com/users/Arun-190/following{/other_user}","gists_url":"https://api.github.com/users/Arun-190/gists{/gist_id}","starred_url":"https://api.github.com/users/Arun-190/starred{/owner}{/repo}","subscriptions_url":"https://api.github.com/users/Arun-190/subscriptions","organizations_url":"https://api.github.com/users/Arun-190/orgs","repos_url":"https://api.github.com/users/Arun-190/repos","events_url":"https://api.github.com/users/Arun-190/events{/privacy}","received_events_url":"https://api.github.com/users/Arun-190/received_events","type":"User","site_admin":false,"name":null,"company":null,"blog":"","location":null,"email":null,"hireable":null,"bio":null,"twitter_username":null,"public_repos":0,"public_gists":0,"followers":0,"following":0,"created_at":"2022-07-24T09:53:52Z","updated_at":"2022-07-24T09:53:52Z","private_gists":0,"total_private_repos":0,"owned_private_repos":0,"disk_usage":0,"collaborators":0,"two_factor_authentication":false,"plan":{"name":"free","space":976562499,"collaborators":0,"private_repos":10000}}
[info] 
[info] +  Success! Logged into GitHub as Arun-190 
[info] 
